<?xml version="1.0" encoding="UTF-8"?>
<testsuite xmlns:xsi="http://www.w3.org/2001/XMLSchema-instance" xsi:schemaLocation="https://maven.apache.org/surefire/maven-surefire-plugin/xsd/surefire-test-report.xsd" name="runner.RunnerTest" time="62.996" tests="58" errors="0" skipped="0" failures="0">
  <properties>
[...]
</properties>
  <testcase name="Given o usuario esteja na pagina do agapito-server" classname="| Testes Casa | Vila Maria |" time="0.002"/>
  <testcase name="And o usuario clica no menu usuario" classname="| Testes Casa | Vila Maria |" time="0"/>
  <testcase name="And o usuario clica no botao Novo usuario" classname="| Testes Casa | Vila Maria |" time="0"/>
  <testcase name="And o usuario preenche o &quot;Login&quot; com o valor de &quot;Testes Casa&quot;" classname="| Testes Casa | Vila Maria |" time="0"/>
  <testcase name="And o usuario preenche o &quot;Nome Completo&quot; com o valor de &quot;Vila Maria&quot;" classname="| Testes Casa | Vila Maria |" time="0"/>
  <testcase name="And o usuario preenche o &quot;Email&quot; com o valor de &quot;Testebiajames@teste.com&quot;" classname="| Testes Casa | Vila Maria |" time="0"/>
  <testcase name="And o usuario preenche o &quot;Idade&quot; com o valor de &quot;28&quot;" classname="| Testes Casa | Vila Maria |" time="0"/>
  <testcase name="When o usuario clicar no botao Salvar" classname="| Testes Casa | Vila Maria |" time="0"/>
  <testcase name="Then o usuario irá visualizar &quot;Usuário foi criado com sucesso.&quot;" classname="| Testes Casa | Vila Maria |" time="0"/>
  <testcase name="| Testes Casa | Vila Maria |" classname="| Testes Casa | Vila Maria |" time="0.616"/>
  <testcase name="Given o usuario esteja na pagina do agapito-server" classname="| Testes ap | São Paulo |" time="0"/>
  <testcase name="And o usuario clica no menu usuario" classname="| Testes ap | São Paulo |" time="0"/>
  <testcase name="And o usuario clica no botao Novo usuario" classname="| Testes ap | São Paulo |" time="0"/>
  <testcase name="And o usuario preenche o &quot;Login&quot; com o valor de &quot;Testes ap&quot;" classname="| Testes ap | São Paulo |" time="0"/>
  <testcase name="And o usuario preenche o &quot;Nome Completo&quot; com o valor de &quot;São Paulo&quot;" classname="| Testes ap | São Paulo |" time="0"/>
  <testcase name="And o usuario preenche o &quot;Email&quot; com o valor de &quot;Testebiajames@teste.com&quot;" classname="| Testes ap | São Paulo |" time="0"/>
  <testcase name="And o usuario preenche o &quot;Idade&quot; com o valor de &quot;28&quot;" classname="| Testes ap | São Paulo |" time="0"/>
  <testcase name="When o usuario clicar no botao Salvar" classname="| Testes ap | São Paulo |" time="0"/>
  <testcase name="Then o usuario irá visualizar &quot;Usuário foi criado com sucesso.&quot;" classname="| Testes ap | São Paulo |" time="0"/>
  <testcase name="| Testes ap | São Paulo |" classname="| Testes ap | São Paulo |" time="0.604"/>
  <testcase name="Given o usuario esteja na pagina do agapito-server" classname="Scenario: Consultar o usuario" time="0"/>
  <testcase name="And o usuario clica no menu usuario" classname="Scenario: Consultar o usuario" time="0"/>
  <testcase name="And o usuario clica no botao Novo usuario" classname="Scenario: Consultar o usuario" time="0"/>
  <testcase name="And o usuario preenche o &quot;Login&quot; com o valor de &quot;Teste Bia&quot;" classname="Scenario: Consultar o usuario" time="0"/>
  <testcase name="And o usuario preenche o &quot;Nome Completo&quot; com o valor de &quot;Teste James&quot;" classname="Scenario: Consultar o usuario" time="0"/>
  <testcase name="And o usuario preenche o &quot;Email&quot; com o valor de &quot;Testebiajames@teste.com&quot;" classname="Scenario: Consultar o usuario" time="0"/>
  <testcase name="And o usuario preenche o &quot;Idade&quot; com o valor de &quot;28&quot;" classname="Scenario: Consultar o usuario" time="0"/>
  <testcase name="And o usuario clicar no botao Salvar" classname="Scenario: Consultar o usuario" time="0"/>
  <testcase name="And o usuario retorno para a tela usuario" classname="Scenario: Consultar o usuario" time="0"/>
  <testcase name="When o usuario clica no botao mostrar" classname="Scenario: Consultar o usuario" time="0"/>
  <testcase name="Then o usuario visualiza o Login com o valor &quot;Teste Bia&quot;" classname="Scenario: Consultar o usuario" time="0"/>
  <testcase name="Scenario: Consultar o usuario" classname="Scenario: Consultar o usuario" time="0.687"/>
  <testcase name="Given o usuario esteja na pagina do agapito-server" classname="Scenario: Realizar a deleção de usuário" time="0.001"/>
  <testcase name="And o usuario clica no menu usuario" classname="Scenario: Realizar a deleção de usuário" time="0"/>
  <testcase name="And o usuario clica no botao Novo usuario" classname="Scenario: Realizar a deleção de usuário" time="0"/>
  <testcase name="And o usuario preenche o &quot;Login&quot; com o valor de &quot;Teste Bia&quot;" classname="Scenario: Realizar a deleção de usuário" time="0"/>
  <testcase name="And o usuario preenche o &quot;Nome Completo&quot; com o valor de &quot;Teste James&quot;" classname="Scenario: Realizar a deleção de usuário" time="0"/>
  <testcase name="And o usuario preenche o &quot;Email&quot; com o valor de &quot;Testebiajames@teste.com&quot;" classname="Scenario: Realizar a deleção de usuário" time="0"/>
  <testcase name="And o usuario preenche o &quot;Idade&quot; com o valor de &quot;28&quot;" classname="Scenario: Realizar a deleção de usuário" time="0"/>
  <testcase name="And o usuario clicar no botao Salvar" classname="Scenario: Realizar a deleção de usuário" time="0"/>
  <testcase name="And o usuario retorno para a tela usuario" classname="Scenario: Realizar a deleção de usuário" time="0"/>
  <testcase name="And o usuario clica no botao apagar" classname="Scenario: Realizar a deleção de usuário" time="0"/>
  <testcase name="Then o usuário confirma deleção" classname="Scenario: Realizar a deleção de usuário" time="0"/>
  <testcase name="Scenario: Realizar a deleção de usuário" classname="Scenario: Realizar a deleção de usuário" time="0.594"/>
  <testcase name="Given o usuario esteja na pagina do agapito-server" classname="Scenario: Editar usuario" time="0"/>
  <testcase name="And o usuario clica no menu usuario" classname="Scenario: Editar usuario" time="0"/>
  <testcase name="And o usuario clica no botao Novo usuario" classname="Scenario: Editar usuario" time="0"/>
  <testcase name="And o usuario preenche o &quot;Login&quot; com o valor de &quot;Teste Bia&quot;" classname="Scenario: Editar usuario" time="0"/>
  <testcase name="And o usuario preenche o &quot;Nome Completo&quot; com o valor de &quot;Teste James&quot;" classname="Scenario: Editar usuario" time="0"/>
  <testcase name="And o usuario preenche o &quot;Email&quot; com o valor de &quot;Testebiajames@teste.com&quot;" classname="Scenario: Editar usuario" time="0"/>
  <testcase name="And o usuario preenche o &quot;Idade&quot; com o valor de &quot;28&quot;" classname="Scenario: Editar usuario" time="0"/>
  <testcase name="And o usuario clicar no botao Salvar" classname="Scenario: Editar usuario" time="0"/>
  <testcase name="And o usuario retorno para a tela usuario" classname="Scenario: Editar usuario" time="0"/>
  <testcase name="And o usuario clica no botao editar" classname="Scenario: Editar usuario" time="0"/>
  <testcase name="And o usuario altera o &quot;Nome Completo&quot; com o valor de &quot;Teste Cookie&quot;" classname="Scenario: Editar usuario" time="0"/>
  <testcase name="When o usuario clicar no botao Salvar" classname="Scenario: Editar usuario" time="0"/>
  <testcase name="Then o usuario irá visualizar &quot;Usuário foi atualizado com sucesso.&quot;" classname="Scenario: Editar usuario" time="0"/>
  <testcase name="Scenario: Editar usuario" classname="Scenario: Editar usuario" time="0.599"/>
</testsuite>